[debug] [2023-04-01T18:24:48.130Z] ----------------------------------------------------------------------
[debug] [2023-04-01T18:24:48.131Z] Command:       /Users/magnus/.nvm/versions/node/v16.13.0/bin/node /Users/magnus/.nvm/versions/node/v16.13.0/bin/firebase emulators:start
[debug] [2023-04-01T18:24:48.131Z] CLI Version:   11.19.0
[debug] [2023-04-01T18:24:48.131Z] Platform:      darwin
[debug] [2023-04-01T18:24:48.131Z] Node Version:  v16.13.0
[debug] [2023-04-01T18:24:48.132Z] Time:          Sat Apr 01 2023 20:24:48 GMT+0200 (Central European Summer Time)
[debug] [2023-04-01T18:24:48.132Z] ----------------------------------------------------------------------
[debug] 
[debug] [2023-04-01T18:24:48.171Z] > command requires scopes: ["email","openid","https://www.googleapis.com/auth/cloudplatformprojects.readonly","https://www.googleapis.com/auth/firebase","https://www.googleapis.com/auth/cloud-platform"]
[debug] [2023-04-01T18:24:48.171Z] > authorizing via signed-in user (jakub@kapala.xyz)
[debug] [2023-04-01T18:24:48.211Z] java version "18" 2022-03-22
Java(TM) SE Runtime Environment (build 18+36-2087)

[debug] [2023-04-01T18:24:48.211Z] Java HotSpot(TM) 64-Bit Server VM (build 18+36-2087, mixed mode, sharing)

[debug] [2023-04-01T18:24:48.213Z] Parsed Java major version: 18
[info] i  emulators: Starting emulators: auth, functions, firestore {"metadata":{"emulator":{"name":"hub"},"message":"Starting emulators: auth, functions, firestore"}}
[debug] [2023-04-01T18:24:48.591Z] [logging] Logging Emulator only supports listening on one address (127.0.0.1). Not listening on ::1
[debug] [2023-04-01T18:24:48.591Z] assigned listening specs for emulators {"user":{"auth":[{"address":"0.0.0.0","family":"IPv4","port":9099}],"firestore":[{"address":"0.0.0.0","family":"IPv4","port":8080}],"firestore.websocket":[{"address":"0.0.0.0","family":"IPv4","port":9150}],"hub":[{"address":"127.0.0.1","family":"IPv4","port":4400},{"address":"::1","family":"IPv6","port":4400}],"ui":[{"address":"127.0.0.1","family":"IPv4","port":4000},{"address":"::1","family":"IPv6","port":4000}],"logging":[{"address":"127.0.0.1","family":"IPv4","port":4500}]},"metadata":{"message":"assigned listening specs for emulators"}}
[debug] [2023-04-01T18:24:48.595Z] [hub] writing locator at /var/folders/v6/z1rsy2pn5s5068fjspwdb2f40000gn/T/hub-cervisaly.json
[debug] [2023-04-01T18:24:48.719Z] [eventarc] Eventarc Emulator only supports listening on one address (127.0.0.1). Not listening on ::1
[debug] [2023-04-01T18:24:48.719Z] late-assigned ports for functions and eventarc emulators {"user":{"auth":[{"address":"0.0.0.0","family":"IPv4","port":9099}],"firestore":[{"address":"0.0.0.0","family":"IPv4","port":8080}],"firestore.websocket":[{"address":"0.0.0.0","family":"IPv4","port":9150}],"hub":[{"address":"127.0.0.1","family":"IPv4","port":4400},{"address":"::1","family":"IPv6","port":4400}],"ui":[{"address":"127.0.0.1","family":"IPv4","port":4000},{"address":"::1","family":"IPv6","port":4000}],"logging":[{"address":"127.0.0.1","family":"IPv4","port":4500}],"functions":[{"address":"0.0.0.0","family":"IPv4","port":5001}],"eventarc":[{"address":"127.0.0.1","family":"IPv4","port":9299}]},"metadata":{"message":"late-assigned ports for functions and eventarc emulators"}}
[warn] ⚠  functions: The following emulators are not running, calls to these services from the Functions emulator will affect production: database, hosting, pubsub, storage {"metadata":{"emulator":{"name":"functions"},"message":"The following emulators are not running, calls to these services from the Functions emulator will affect production: \u001b[1mdatabase, hosting, pubsub, storage\u001b[22m"}}
[info] ✔  functions: Using node@16 from host. {"metadata":{"emulator":{"name":"functions"},"message":"Using node@16 from host."}}
[debug] [2023-04-01T18:24:48.724Z] defaultcredentials: writing to file /Users/magnus/.config/firebase/jakub_kapala_xyz_application_default_credentials.json
[debug] [2023-04-01T18:24:48.729Z] Setting GAC to /Users/magnus/.config/firebase/jakub_kapala_xyz_application_default_credentials.json {"metadata":{"emulator":{"name":"functions"},"message":"Setting GAC to /Users/magnus/.config/firebase/jakub_kapala_xyz_application_default_credentials.json"}}
[debug] [2023-04-01T18:24:48.729Z] > refreshing access token with scopes: []
[debug] [2023-04-01T18:24:48.730Z] >>> [apiv2][query] POST https://www.googleapis.com/oauth2/v3/token [none]
[debug] [2023-04-01T18:24:48.730Z] >>> [apiv2][body] POST https://www.googleapis.com/oauth2/v3/token [omitted]
[debug] [2023-04-01T18:24:48.893Z] <<< [apiv2][status] POST https://www.googleapis.com/oauth2/v3/token 200
[debug] [2023-04-01T18:24:48.893Z] <<< [apiv2][body] POST https://www.googleapis.com/oauth2/v3/token [omitted]
[debug] [2023-04-01T18:24:48.899Z] >>> [apiv2][query] GET https://firebase.googleapis.com/v1beta1/projects/cervisaly/adminSdkConfig [none]
[debug] [2023-04-01T18:24:49.196Z] <<< [apiv2][status] GET https://firebase.googleapis.com/v1beta1/projects/cervisaly/adminSdkConfig 200
[debug] [2023-04-01T18:24:49.196Z] <<< [apiv2][body] GET https://firebase.googleapis.com/v1beta1/projects/cervisaly/adminSdkConfig {"projectId":"cervisaly","storageBucket":"cervisaly.appspot.com","locationId":"europe-west"}
[warn] ⚠  firestore: Did not find a Cloud Firestore rules file specified in a firebase.json config file. {"metadata":{"emulator":{"name":"firestore"},"message":"Did not find a Cloud Firestore rules file specified in a firebase.json config file."}}
[warn] ⚠  firestore: The emulator will default to allowing all reads and writes. Learn more about this option: https://firebase.google.com/docs/emulator-suite/install_and_configure#security_rules_configuration. {"metadata":{"emulator":{"name":"firestore"},"message":"The emulator will default to allowing all reads and writes. Learn more about this option: https://firebase.google.com/docs/emulator-suite/install_and_configure#security_rules_configuration."}}
[debug] [2023-04-01T18:24:49.217Z] Ignoring unsupported arg: auto_download {"metadata":{"emulator":{"name":"firestore"},"message":"Ignoring unsupported arg: auto_download"}}
[debug] [2023-04-01T18:24:49.217Z] Ignoring unsupported arg: single_project_mode_error {"metadata":{"emulator":{"name":"firestore"},"message":"Ignoring unsupported arg: single_project_mode_error"}}
[debug] [2023-04-01T18:24:49.217Z] Starting Firestore Emulator with command {"binary":"java","args":["-Dgoogle.cloud_firestore.debug_log_level=FINE","-Duser.language=en","-jar","/Users/magnus/.cache/firebase/emulators/cloud-firestore-emulator-v1.15.1.jar","--host","0.0.0.0","--port",8080,"--websocket_port",9150,"--project_id","cervisaly","--single_project_mode",true,"--functions_emulator","127.0.0.1:5001"],"optionalArgs":["port","webchannel_port","host","rules","websocket_port","functions_emulator","seed_from_export","project_id","single_project_mode"],"joinArgs":false} {"metadata":{"emulator":{"name":"firestore"},"message":"Starting Firestore Emulator with command {\"binary\":\"java\",\"args\":[\"-Dgoogle.cloud_firestore.debug_log_level=FINE\",\"-Duser.language=en\",\"-jar\",\"/Users/magnus/.cache/firebase/emulators/cloud-firestore-emulator-v1.15.1.jar\",\"--host\",\"0.0.0.0\",\"--port\",8080,\"--websocket_port\",9150,\"--project_id\",\"cervisaly\",\"--single_project_mode\",true,\"--functions_emulator\",\"127.0.0.1:5001\"],\"optionalArgs\":[\"port\",\"webchannel_port\",\"host\",\"rules\",\"websocket_port\",\"functions_emulator\",\"seed_from_export\",\"project_id\",\"single_project_mode\"],\"joinArgs\":false}"}}
[info] i  firestore: Firestore Emulator logging to firestore-debug.log {"metadata":{"emulator":{"name":"firestore"},"message":"Firestore Emulator logging to \u001b[1mfirestore-debug.log\u001b[22m"}}
[debug] [2023-04-01T18:24:49.749Z] Apr 01, 2023 8:24:49 PM com.google.cloud.datastore.emulator.firestore.websocket.WebSocketServer start
INFO: Started WebSocket server on ws://0.0.0.0:9150
 {"metadata":{"emulator":{"name":"firestore"},"message":"Apr 01, 2023 8:24:49 PM com.google.cloud.datastore.emulator.firestore.websocket.WebSocketServer start\nINFO: Started WebSocket server on ws://0.0.0.0:9150\n"}}
[debug] [2023-04-01T18:24:49.761Z] API endpoint: http:// {"metadata":{"emulator":{"name":"firestore"},"message":"API endpoint: http://"}}
[debug] [2023-04-01T18:24:49.762Z] 0.0.0.0:8080
If you are using a library that supports the FIRESTORE_EMULATOR_HOST environment variable, run:

   export FIRESTORE_EMULATOR_HOST=0.0.0.0:8080

Dev App Server is now running.

 {"metadata":{"emulator":{"name":"firestore"},"message":"0.0.0.0:8080\nIf you are using a library that supports the FIRESTORE_EMULATOR_HOST environment variable, run:\n\n   export FIRESTORE_EMULATOR_HOST=0.0.0.0:8080\n\nDev App Server is now running.\n\n"}}
[info] ✔  firestore: Firestore Emulator UI websocket is running on 9150. {"metadata":{"emulator":{"name":"firestore"},"message":"Firestore Emulator UI websocket is running on 9150."}}
[debug] [2023-04-01T18:24:52.949Z] Ignoring unsupported arg: auto_download {"metadata":{"emulator":{"name":"ui"},"message":"Ignoring unsupported arg: auto_download"}}
[debug] [2023-04-01T18:24:52.950Z] Ignoring unsupported arg: port {"metadata":{"emulator":{"name":"ui"},"message":"Ignoring unsupported arg: port"}}
[debug] [2023-04-01T18:24:52.950Z] Starting Emulator UI with command {"binary":"node","args":["/Users/magnus/.cache/firebase/emulators/ui-v1.11.1/server/server.js"],"optionalArgs":[],"joinArgs":false} {"metadata":{"emulator":{"name":"ui"},"message":"Starting Emulator UI with command {\"binary\":\"node\",\"args\":[\"/Users/magnus/.cache/firebase/emulators/ui-v1.11.1/server/server.js\"],\"optionalArgs\":[],\"joinArgs\":false}"}}
[info] i  ui: Emulator UI logging to ui-debug.log {"metadata":{"emulator":{"name":"ui"},"message":"Emulator UI logging to \u001b[1mui-debug.log\u001b[22m"}}
[debug] [2023-04-01T18:24:53.026Z] Web / API server started at 127.0.0.1:4000
 {"metadata":{"emulator":{"name":"ui"},"message":"Web / API server started at 127.0.0.1:4000\n"}}
[debug] [2023-04-01T18:24:53.026Z] Web / API server started at ::1:4000
 {"metadata":{"emulator":{"name":"ui"},"message":"Web / API server started at ::1:4000\n"}}
[info] i  functions: Watching "/Users/magnus/Coding/private/rn-boilerplate/functions" for Cloud Functions... {"metadata":{"emulator":{"name":"functions"},"message":"Watching \"/Users/magnus/Coding/private/rn-boilerplate/functions\" for Cloud Functions..."}}
[debug] [2023-04-01T18:24:53.214Z] Validating nodejs source
[warn] ⚠  functions: package.json indicates an outdated version of firebase-functions. Please upgrade using npm install --save firebase-functions@latest in your functions directory. 
[warn] ⚠  functions: Please note that there will be breaking changes when you upgrade. 
[debug] [2023-04-01T18:24:53.628Z] > [functions] package.json contents: {
  "name": "functions",
  "scripts": {
    "lint": "eslint --ext .js,.ts .",
    "build": "tsc",
    "build:watch": "tsc --watch",
    "serve": "npm run build && firebase emulators:start --only functions",
    "shell": "npm run build && firebase functions:shell",
    "start": "npm run shell",
    "emulators": "firebase emulators:start",
    "deploy": "firebase deploy --only functions",
    "logs": "firebase functions:log"
  },
  "engines": {
    "node": "16"
  },
  "main": "lib/index.js",
  "dependencies": {
    "axios": "^1.3.4",
    "dayjs": "^1.11.7",
    "firebase-admin": "^10.0.2",
    "firebase-functions": "^3.18.0"
  },
  "devDependencies": {
    "firebase-functions-test": "^0.2.0",
    "typescript": "^4.5.4"
  },
  "private": true
}
[debug] [2023-04-01T18:24:53.629Z] Building nodejs source
[debug] [2023-04-01T18:24:53.630Z] Could not find functions.yaml. Must use http discovery
[debug] [2023-04-01T18:24:53.764Z] Serving at port 9005

[debug] [2023-04-01T18:24:53.811Z] Got response from /__/functions.yaml {"endpoints":{"createUserProfile":{"platform":"gcfv1","eventTrigger":{"eventType":"providers/firebase.auth/eventTypes/user.create","eventFilters":{"resource":"projects/cervisaly"},"retry":false},"labels":{},"entryPoint":"createUserProfile"}},"specVersion":"v1alpha1","requiredAPIs":[]}
[debug] [2023-04-01T18:24:53.821Z] shutdown requested via /__/quitquitquit

[info] ✔  functions: Loaded functions definitions from source: createUserProfile. {"metadata":{"emulator":{"name":"functions"},"message":"Loaded functions definitions from source: createUserProfile."}}
[debug] [2023-04-01T18:24:53.826Z] addAuthTrigger {"eventTrigger":{"eventType":"providers/firebase.auth/eventTypes/user.create","resource":"projects/cervisaly"}}
[info] ✔  functions[us-central1-createUserProfile]: auth function initialized. {"metadata":{"emulator":{"name":"functions"},"message":"\u001b[1mauth\u001b[22m function initialized."}}
[info] 
┌─────────────────────────────────────────────────────────────┐
│ ✔  All emulators ready! It is now safe to connect your app. │
│ i  View Emulator UI at http://127.0.0.1:4000/               │
└─────────────────────────────────────────────────────────────┘

┌────────────────┬──────────────┬─────────────────────────────────┐
│ Emulator       │ Host:Port    │ View in Emulator UI             │
├────────────────┼──────────────┼─────────────────────────────────┤
│ Authentication │ 0.0.0.0:9099 │ http://127.0.0.1:4000/auth      │
├────────────────┼──────────────┼─────────────────────────────────┤
│ Functions      │ 0.0.0.0:5001 │ http://127.0.0.1:4000/functions │
├────────────────┼──────────────┼─────────────────────────────────┤
│ Firestore      │ 0.0.0.0:8080 │ http://127.0.0.1:4000/firestore │
└────────────────┴──────────────┴─────────────────────────────────┘
  Emulator Hub running at 127.0.0.1:4400
  Other reserved ports: 4500, 9150

Issues? Report them at https://github.com/firebase/firebase-tools/issues and attach the *-debug.log files.
 
[debug] [2023-04-01T18:26:33.728Z] Apr 01, 2023 8:26:33 PM com.google.cloud.datastore.emulator.firestore.websocket.WebSocketChannelHandler initChannel
INFO: Connected to new websocket client
 {"metadata":{"emulator":{"name":"firestore"},"message":"Apr 01, 2023 8:26:33 PM com.google.cloud.datastore.emulator.firestore.websocket.WebSocketChannelHandler initChannel\nINFO: Connected to new websocket client\n"}}
[debug] [2023-04-01T18:26:34.934Z] Apr 01, 2023 8:26:34 PM io.gapi.emulators.netty.HttpVersionRoutingHandler channelRead
INFO: Detected non-HTTP/2 connection.
 {"metadata":{"emulator":{"name":"firestore"},"message":"Apr 01, 2023 8:26:34 PM io.gapi.emulators.netty.HttpVersionRoutingHandler channelRead\nINFO: Detected non-HTTP/2 connection.\n"}}
[debug] [2023-04-01T18:26:35.066Z] Apr 01, 2023 8:26:35 PM io.gapi.emulators.netty.HttpVersionRoutingHandler channelRead
INFO: Detected HTTP/2 connection.
 {"metadata":{"emulator":{"name":"firestore"},"message":"Apr 01, 2023 8:26:35 PM io.gapi.emulators.netty.HttpVersionRoutingHandler channelRead\nINFO: Detected HTTP/2 connection.\n"}}
[debug] [2023-04-01T18:27:58.232Z] Apr 01, 2023 8:27:58 PM com.google.cloud.datastore.emulator.firestore.websocket.WebSocketChannelHandler channelClosed
INFO: Websocket client disconnected
 {"metadata":{"emulator":{"name":"firestore"},"message":"Apr 01, 2023 8:27:58 PM com.google.cloud.datastore.emulator.firestore.websocket.WebSocketChannelHandler channelClosed\nINFO: Websocket client disconnected\n"}}
[debug] [2023-04-01T18:27:58.329Z] Apr 01, 2023 8:27:58 PM com.google.cloud.datastore.emulator.firestore.websocket.WebSocketChannelHandler initChannel
INFO: Connected to new websocket client
 {"metadata":{"emulator":{"name":"firestore"},"message":"Apr 01, 2023 8:27:58 PM com.google.cloud.datastore.emulator.firestore.websocket.WebSocketChannelHandler initChannel\nINFO: Connected to new websocket client\n"}}
[warn] ⚠  Received a signed JWT. Auth Emulator does not validate JWTs and IS NOT SECURE {"metadata":{"emulator":{"name":"auth"},"message":"Received a signed JWT. Auth Emulator does not validate JWTs and IS NOT SECURE"}}
[debug] [2023-04-01T18:31:36.044Z] >>> [apiv2][query] POST http://127.0.0.1:5001/functions/projects/cervisaly/trigger_multicast [none]
[debug] [2023-04-01T18:31:36.044Z] >>> [apiv2][body] POST http://127.0.0.1:5001/functions/projects/cervisaly/trigger_multicast {"eventId":"da5c1fee-e875-4765-87d3-6242776e147e","eventType":"providers/firebase.auth/eventTypes/user.create","resource":{"name":"projects/cervisaly","service":"firebaseauth.googleapis.com"},"params":{},"timestamp":"2023-04-01T18:31:36.040Z","data":{"uid":"kDdyRsdulCOFiSW4nU9ueIu68tCR","metadata":{"creationTime":"2023-04-01T18:31:36.035Z","lastSignInTime":"2023-04-01T18:31:36.035Z"},"customClaims":{}}}
[debug] [2023-04-01T18:31:36.057Z] [work-queue] {"queuedWork":["us-central1-createUserProfile-0-2023-04-01T18:31:36.057Z"],"queueLength":1,"runningWork":[],"workRunningCount":0}
[debug] [2023-04-01T18:31:36.058Z] [work-queue] {"queuedWork":[],"queueLength":0,"runningWork":["us-central1-createUserProfile-0-2023-04-01T18:31:36.057Z"],"workRunningCount":1}
[debug] [2023-04-01T18:31:36.058Z] [work-queue] {"queuedWork":[],"queueLength":0,"runningWork":[],"workRunningCount":0}
[debug] [2023-04-01T18:31:36.059Z] <<< [apiv2][status] POST http://127.0.0.1:5001/functions/projects/cervisaly/trigger_multicast 200
[debug] [2023-04-01T18:31:36.060Z] <<< [apiv2][body] POST http://127.0.0.1:5001/functions/projects/cervisaly/trigger_multicast {"status":"multicast_acknowledged"}
[debug] [2023-04-01T18:31:36.060Z] [work-queue] {"queuedWork":["/functions/projects/cervisaly/triggers/us-central1-createUserProfile-0-2023-04-01T18:31:36.060Z"],"queueLength":1,"runningWork":[],"workRunningCount":0}
[debug] [2023-04-01T18:31:36.060Z] [work-queue] {"queuedWork":[],"queueLength":0,"runningWork":["/functions/projects/cervisaly/triggers/us-central1-createUserProfile-0-2023-04-01T18:31:36.060Z"],"workRunningCount":1}
[debug] [2023-04-01T18:31:36.061Z] Accepted request POST /functions/projects/cervisaly/triggers/us-central1-createUserProfile-0 --> us-central1-createUserProfile-0
[debug] [2023-04-01T18:31:36.080Z] [functions] Runtime ready! Sending request! {"metadata":{"emulator":{"name":"functions"},"message":"[functions] Runtime ready! Sending request!"}}
[debug] [2023-04-01T18:31:36.084Z] [functions] Got req.url=/functions/projects/cervisaly/triggers/us-central1-createUserProfile-0, mapping to path=/functions/projects/ {"metadata":{"emulator":{"name":"functions"},"message":"[functions] Got req.url=/functions/projects/cervisaly/triggers/us-central1-createUserProfile-0, mapping to path=/functions/projects/"}}
[debug] [2023-04-01T18:31:36.105Z] [worker-pool] addWorker(us-central1-createUserProfile) {"metadata":{"emulator":{"name":"functions"},"message":"[worker-pool] addWorker(us-central1-createUserProfile)"}}
[debug] [2023-04-01T18:31:36.105Z] [worker-pool] Adding worker with key us-central1-createUserProfile, total=1 {"metadata":{"emulator":{"name":"functions"},"message":"[worker-pool] Adding worker with key us-central1-createUserProfile, total=1"}}
[debug] [2023-04-01T18:31:36.320Z] Apr 01, 2023 8:31:36 PM io.gapi.emulators.netty.HttpVersionRoutingHandler channelRead
INFO: Detected non-HTTP/2 connection.
 {"metadata":{"emulator":{"name":"firestore"},"message":"Apr 01, 2023 8:31:36 PM io.gapi.emulators.netty.HttpVersionRoutingHandler channelRead\nINFO: Detected non-HTTP/2 connection.\n"}}
[debug] [2023-04-01T18:31:36.764Z] Apr 01, 2023 8:31:36 PM io.gapi.emulators.netty.HttpVersionRoutingHandler channelRead
INFO: Detected non-HTTP/2 connection.
 {"metadata":{"emulator":{"name":"firestore"},"message":"Apr 01, 2023 8:31:36 PM io.gapi.emulators.netty.HttpVersionRoutingHandler channelRead\nINFO: Detected non-HTTP/2 connection.\n"}}
[debug] [2023-04-01T18:31:37.075Z] [runtime-status] [65064] Resolved module firebase-admin {"declared":true,"installed":true,"version":"10.3.0","resolution":"/Users/magnus/Coding/private/rn-boilerplate/functions/node_modules/firebase-admin/lib/index.js"} {"metadata":{"emulator":{"name":"functions"},"function":{"name":"us-central1-createUserProfile"},"extension":{},"message":"[runtime-status] [65064] Resolved module firebase-admin {\"declared\":true,\"installed\":true,\"version\":\"10.3.0\",\"resolution\":\"/Users/magnus/Coding/private/rn-boilerplate/functions/node_modules/firebase-admin/lib/index.js\"}"}}
[debug] [2023-04-01T18:31:37.075Z] [runtime-status] [65064] Resolved module firebase-functions {"declared":true,"installed":true,"version":"3.24.1","resolution":"/Users/magnus/Coding/private/rn-boilerplate/functions/node_modules/firebase-functions/lib/index.js"} {"metadata":{"emulator":{"name":"functions"},"function":{"name":"us-central1-createUserProfile"},"extension":{},"message":"[runtime-status] [65064] Resolved module firebase-functions {\"declared\":true,\"installed\":true,\"version\":\"3.24.1\",\"resolution\":\"/Users/magnus/Coding/private/rn-boilerplate/functions/node_modules/firebase-functions/lib/index.js\"}"}}
[debug] [2023-04-01T18:31:37.075Z] [runtime-status] [65064] Outgoing network have been stubbed. [{"name":"http","status":"mocked"},{"name":"http","status":"mocked"},{"name":"https","status":"mocked"},{"name":"https","status":"mocked"},{"name":"net","status":"mocked"}] {"metadata":{"emulator":{"name":"functions"},"function":{"name":"us-central1-createUserProfile"},"extension":{},"message":"[runtime-status] [65064] Outgoing network have been stubbed. [{\"name\":\"http\",\"status\":\"mocked\"},{\"name\":\"http\",\"status\":\"mocked\"},{\"name\":\"https\",\"status\":\"mocked\"},{\"name\":\"https\",\"status\":\"mocked\"},{\"name\":\"net\",\"status\":\"mocked\"}]"}}
[debug] [2023-04-01T18:31:37.075Z] [runtime-status] [65064] Resolved module firebase-functions {"declared":true,"installed":true,"version":"3.24.1","resolution":"/Users/magnus/Coding/private/rn-boilerplate/functions/node_modules/firebase-functions/lib/index.js"} {"metadata":{"emulator":{"name":"functions"},"function":{"name":"us-central1-createUserProfile"},"extension":{},"message":"[runtime-status] [65064] Resolved module firebase-functions {\"declared\":true,\"installed\":true,\"version\":\"3.24.1\",\"resolution\":\"/Users/magnus/Coding/private/rn-boilerplate/functions/node_modules/firebase-functions/lib/index.js\"}"}}
[debug] [2023-04-01T18:31:37.099Z] [runtime-status] [65064] Checked functions.config() {"config":{}} {"metadata":{"emulator":{"name":"functions"},"function":{"name":"us-central1-createUserProfile"},"extension":{},"message":"[runtime-status] [65064] Checked functions.config() {\"config\":{}}"}}
[debug] [2023-04-01T18:31:37.099Z] [runtime-status] [65064] firebase-functions has been stubbed. {"functionsResolution":{"declared":true,"installed":true,"version":"3.24.1","resolution":"/Users/magnus/Coding/private/rn-boilerplate/functions/node_modules/firebase-functions/lib/index.js"}} {"metadata":{"emulator":{"name":"functions"},"function":{"name":"us-central1-createUserProfile"},"extension":{},"message":"[runtime-status] [65064] firebase-functions has been stubbed. {\"functionsResolution\":{\"declared\":true,\"installed\":true,\"version\":\"3.24.1\",\"resolution\":\"/Users/magnus/Coding/private/rn-boilerplate/functions/node_modules/firebase-functions/lib/index.js\"}}"}}
[debug] [2023-04-01T18:31:37.099Z] [runtime-status] [65064] Resolved module firebase-functions {"declared":true,"installed":true,"version":"3.24.1","resolution":"/Users/magnus/Coding/private/rn-boilerplate/functions/node_modules/firebase-functions/lib/index.js"} {"metadata":{"emulator":{"name":"functions"},"function":{"name":"us-central1-createUserProfile"},"extension":{},"message":"[runtime-status] [65064] Resolved module firebase-functions {\"declared\":true,\"installed\":true,\"version\":\"3.24.1\",\"resolution\":\"/Users/magnus/Coding/private/rn-boilerplate/functions/node_modules/firebase-functions/lib/index.js\"}"}}
[debug] [2023-04-01T18:31:37.099Z] [runtime-status] [65064] Resolved module firebase-admin {"declared":true,"installed":true,"version":"10.3.0","resolution":"/Users/magnus/Coding/private/rn-boilerplate/functions/node_modules/firebase-admin/lib/index.js"} {"metadata":{"emulator":{"name":"functions"},"function":{"name":"us-central1-createUserProfile"},"extension":{},"message":"[runtime-status] [65064] Resolved module firebase-admin {\"declared\":true,\"installed\":true,\"version\":\"10.3.0\",\"resolution\":\"/Users/magnus/Coding/private/rn-boilerplate/functions/node_modules/firebase-admin/lib/index.js\"}"}}
[debug] [2023-04-01T18:31:37.100Z] [runtime-status] [65064] Resolved module firebase-functions {"declared":true,"installed":true,"version":"3.24.1","resolution":"/Users/magnus/Coding/private/rn-boilerplate/functions/node_modules/firebase-functions/lib/index.js"} {"metadata":{"emulator":{"name":"functions"},"function":{"name":"us-central1-createUserProfile"},"extension":{},"message":"[runtime-status] [65064] Resolved module firebase-functions {\"declared\":true,\"installed\":true,\"version\":\"3.24.1\",\"resolution\":\"/Users/magnus/Coding/private/rn-boilerplate/functions/node_modules/firebase-functions/lib/index.js\"}"}}
[debug] [2023-04-01T18:31:37.100Z] [runtime-status] [65064] firebase-admin has been stubbed. {"adminResolution":{"declared":true,"installed":true,"version":"10.3.0","resolution":"/Users/magnus/Coding/private/rn-boilerplate/functions/node_modules/firebase-admin/lib/index.js"}} {"metadata":{"emulator":{"name":"functions"},"function":{"name":"us-central1-createUserProfile"},"extension":{},"message":"[runtime-status] [65064] firebase-admin has been stubbed. {\"adminResolution\":{\"declared\":true,\"installed\":true,\"version\":\"10.3.0\",\"resolution\":\"/Users/magnus/Coding/private/rn-boilerplate/functions/node_modules/firebase-admin/lib/index.js\"}}"}}
[debug] [2023-04-01T18:31:37.102Z] [runtime-status] [65064] initializeApp(DEFAULT) {"storageBucket":"cervisaly.appspot.com","projectId":"cervisaly"} {"metadata":{"emulator":{"name":"functions"},"function":{"name":"us-central1-createUserProfile"},"extension":{},"message":"[runtime-status] [65064] initializeApp(DEFAULT) {\"storageBucket\":\"cervisaly.appspot.com\",\"projectId\":\"cervisaly\"}"}}
[debug] [2023-04-01T18:31:37.118Z] [runtime-status] [65064] Functions runtime initialized. {"cwd":"/Users/magnus/Coding/private/rn-boilerplate/functions","node_version":"16.13.0"} {"metadata":{"emulator":{"name":"functions"},"function":{"name":"us-central1-createUserProfile"},"extension":{},"message":"[runtime-status] [65064] Functions runtime initialized. {\"cwd\":\"/Users/magnus/Coding/private/rn-boilerplate/functions\",\"node_version\":\"16.13.0\"}"}}
[debug] [2023-04-01T18:31:37.118Z] [runtime-status] [65064] Listening to port: /var/folders/v6/z1rsy2pn5s5068fjspwdb2f40000gn/T/fire_emu_b08490e813d7e2ce.sock {"metadata":{"emulator":{"name":"functions"},"function":{"name":"us-central1-createUserProfile"},"extension":{},"message":"[runtime-status] [65064] Listening to port: /var/folders/v6/z1rsy2pn5s5068fjspwdb2f40000gn/T/fire_emu_b08490e813d7e2ce.sock"}}
[debug] [2023-04-01T18:31:37.125Z] [worker-us-central1-createUserProfile-e5b1169e-03a9-4a91-8668-f701be98999e]: IDLE {"metadata":{"emulator":{"name":"functions"},"message":"[worker-us-central1-createUserProfile-e5b1169e-03a9-4a91-8668-f701be98999e]: IDLE"}}
[debug] [2023-04-01T18:31:37.126Z] [worker-pool] submitRequest(triggerId=us-central1-createUserProfile) {"metadata":{"emulator":{"name":"functions"},"message":"[worker-pool] submitRequest(triggerId=us-central1-createUserProfile)"}}
[debug] [2023-04-01T18:31:37.126Z] [worker-us-central1-createUserProfile-e5b1169e-03a9-4a91-8668-f701be98999e]: BUSY {"metadata":{"emulator":{"name":"functions"},"message":"[worker-us-central1-createUserProfile-e5b1169e-03a9-4a91-8668-f701be98999e]: BUSY"}}
[info] i  functions: Beginning execution of "createUserProfile" {"metadata":{"emulator":{"name":"functions"},"function":{"name":"us-central1-createUserProfile"},"extension":{},"message":"Beginning execution of \"createUserProfile\""}}
[debug] [2023-04-01T18:31:37.132Z] [runtime-status] [65064] ProcessBackground: lifting resource.name from resource {"name":"projects/cervisaly","service":"firebaseauth.googleapis.com"} {"metadata":{"emulator":{"name":"functions"},"function":{"name":"us-central1-createUserProfile"},"extension":{},"message":"[runtime-status] [65064] ProcessBackground: lifting resource.name from resource {\"name\":\"projects/cervisaly\",\"service\":\"firebaseauth.googleapis.com\"}"}}
[debug] [2023-04-01T18:31:37.132Z] [runtime-status] [65064] RunBackground {"data":{"uid":"kDdyRsdulCOFiSW4nU9ueIu68tCR","metadata":{"creationTime":"2023-04-01T18:31:36.035Z","lastSignInTime":"2023-04-01T18:31:36.035Z"},"customClaims":{}},"context":{"eventId":"da5c1fee-e875-4765-87d3-6242776e147e","eventType":"providers/firebase.auth/eventTypes/user.create","resource":"projects/cervisaly","params":{},"timestamp":"2023-04-01T18:31:36.040Z"}} {"metadata":{"emulator":{"name":"functions"},"function":{"name":"us-central1-createUserProfile"},"extension":{},"message":"[runtime-status] [65064] RunBackground {\"data\":{\"uid\":\"kDdyRsdulCOFiSW4nU9ueIu68tCR\",\"metadata\":{\"creationTime\":\"2023-04-01T18:31:36.035Z\",\"lastSignInTime\":\"2023-04-01T18:31:36.035Z\"},\"customClaims\":{}},\"context\":{\"eventId\":\"da5c1fee-e875-4765-87d3-6242776e147e\",\"eventType\":\"providers/firebase.auth/eventTypes/user.create\",\"resource\":\"projects/cervisaly\",\"params\":{},\"timestamp\":\"2023-04-01T18:31:36.040Z\"}}"}}
[debug] [2023-04-01T18:31:37.306Z] Apr 01, 2023 8:31:37 PM io.gapi.emulators.netty.HttpVersionRoutingHandler channelRead
INFO: Detected HTTP/2 connection.
 {"metadata":{"emulator":{"name":"firestore"},"message":"Apr 01, 2023 8:31:37 PM io.gapi.emulators.netty.HttpVersionRoutingHandler channelRead\nINFO: Detected HTTP/2 connection.\n"}}
[debug] [2023-04-01T18:31:37.374Z] [worker-us-central1-createUserProfile-e5b1169e-03a9-4a91-8668-f701be98999e]: IDLE {"metadata":{"emulator":{"name":"functions"},"message":"[worker-us-central1-createUserProfile-e5b1169e-03a9-4a91-8668-f701be98999e]: IDLE"}}
[debug] [2023-04-01T18:31:37.374Z] [work-queue] {"queuedWork":[],"queueLength":0,"runningWork":[],"workRunningCount":0}
[info] i  functions: Finished "createUserProfile" in 242.333875ms {"metadata":{"emulator":{"name":"functions"},"function":{"name":"us-central1-createUserProfile"},"extension":{},"message":"Finished \"createUserProfile\" in 242.333875ms"}}
[debug] [2023-04-01T18:31:43.660Z] Apr 01, 2023 8:31:43 PM io.gapi.emulators.netty.HttpVersionRoutingHandler channelRead
INFO: Detected non-HTTP/2 connection.
 {"metadata":{"emulator":{"name":"firestore"},"message":"Apr 01, 2023 8:31:43 PM io.gapi.emulators.netty.HttpVersionRoutingHandler channelRead\nINFO: Detected non-HTTP/2 connection.\n"}}
[debug] [2023-04-01T18:31:43.720Z] Apr 01, 2023 8:31:43 PM io.gapi.emulators.netty.HttpVersionRoutingHandler channelRead
INFO: Detected non-HTTP/2 connection.
 {"metadata":{"emulator":{"name":"firestore"},"message":"Apr 01, 2023 8:31:43 PM io.gapi.emulators.netty.HttpVersionRoutingHandler channelRead\nINFO: Detected non-HTTP/2 connection.\n"}}
[debug] [2023-04-01T18:31:43.805Z] Apr 01, 2023 8:31:43 PM io.gapi.emulators.netty.HttpVersionRoutingHandler channelRead
INFO: Detected non-HTTP/2 connection.
 {"metadata":{"emulator":{"name":"firestore"},"message":"Apr 01, 2023 8:31:43 PM io.gapi.emulators.netty.HttpVersionRoutingHandler channelRead\nINFO: Detected non-HTTP/2 connection.\n"}}
[debug] [2023-04-01T18:32:13.836Z] Apr 01, 2023 8:32:13 PM io.gapi.emulators.netty.HttpVersionRoutingHandler channelRead
INFO: Detected non-HTTP/2 connection.
 {"metadata":{"emulator":{"name":"firestore"},"message":"Apr 01, 2023 8:32:13 PM io.gapi.emulators.netty.HttpVersionRoutingHandler channelRead\nINFO: Detected non-HTTP/2 connection.\n"}}
[debug] [2023-04-01T18:32:37.416Z] Apr 01, 2023 8:32:37 PM io.gapi.emulators.netty.HttpVersionRoutingHandler channelRead
INFO: Detected non-HTTP/2 connection.
 {"metadata":{"emulator":{"name":"firestore"},"message":"Apr 01, 2023 8:32:37 PM io.gapi.emulators.netty.HttpVersionRoutingHandler channelRead\nINFO: Detected non-HTTP/2 connection.\n"}}
[debug] [2023-04-01T18:32:43.915Z] Apr 01, 2023 8:32:43 PM io.gapi.emulators.netty.HttpVersionRoutingHandler channelRead
INFO: Detected non-HTTP/2 connection.
 {"metadata":{"emulator":{"name":"firestore"},"message":"Apr 01, 2023 8:32:43 PM io.gapi.emulators.netty.HttpVersionRoutingHandler channelRead\nINFO: Detected non-HTTP/2 connection.\n"}}
[debug] [2023-04-01T18:32:43.925Z] Apr 01, 2023 8:32:43 PM io.gapi.emulators.netty.HttpVersionRoutingHandler channelRead
INFO: Detected non-HTTP/2 connection.
 {"metadata":{"emulator":{"name":"firestore"},"message":"Apr 01, 2023 8:32:43 PM io.gapi.emulators.netty.HttpVersionRoutingHandler channelRead\nINFO: Detected non-HTTP/2 connection.\n"}}
[debug] [2023-04-01T18:33:37.515Z] Apr 01, 2023 8:33:37 PM io.gapi.emulators.netty.HttpVersionRoutingHandler channelRead
INFO: Detected non-HTTP/2 connection.
 {"metadata":{"emulator":{"name":"firestore"},"message":"Apr 01, 2023 8:33:37 PM io.gapi.emulators.netty.HttpVersionRoutingHandler channelRead\nINFO: Detected non-HTTP/2 connection.\n"}}
[debug] [2023-04-01T18:33:44.269Z] Apr 01, 2023 8:33:44 PM io.gapi.emulators.netty.HttpVersionRoutingHandler channelRead
INFO: Detected non-HTTP/2 connection.
 {"metadata":{"emulator":{"name":"firestore"},"message":"Apr 01, 2023 8:33:44 PM io.gapi.emulators.netty.HttpVersionRoutingHandler channelRead\nINFO: Detected non-HTTP/2 connection.\n"}}
[debug] [2023-04-01T18:34:37.631Z] Apr 01, 2023 8:34:37 PM io.gapi.emulators.netty.HttpVersionRoutingHandler channelRead
INFO: Detected non-HTTP/2 connection.
 {"metadata":{"emulator":{"name":"firestore"},"message":"Apr 01, 2023 8:34:37 PM io.gapi.emulators.netty.HttpVersionRoutingHandler channelRead\nINFO: Detected non-HTTP/2 connection.\n"}}
[debug] [2023-04-01T18:34:44.471Z] Apr 01, 2023 8:34:44 PM io.gapi.emulators.netty.HttpVersionRoutingHandler channelRead
INFO: Detected non-HTTP/2 connection.
 {"metadata":{"emulator":{"name":"firestore"},"message":"Apr 01, 2023 8:34:44 PM io.gapi.emulators.netty.HttpVersionRoutingHandler channelRead\nINFO: Detected non-HTTP/2 connection.\n"}}
[debug] [2023-04-01T18:35:37.691Z] Apr 01, 2023 8:35:37 PM io.gapi.emulators.netty.HttpVersionRoutingHandler channelRead
INFO: Detected non-HTTP/2 connection.
 {"metadata":{"emulator":{"name":"firestore"},"message":"Apr 01, 2023 8:35:37 PM io.gapi.emulators.netty.HttpVersionRoutingHandler channelRead\nINFO: Detected non-HTTP/2 connection.\n"}}
[debug] [2023-04-01T18:35:44.640Z] Apr 01, 2023 8:35:44 PM io.gapi.emulators.netty.HttpVersionRoutingHandler channelRead
INFO: Detected non-HTTP/2 connection.
 {"metadata":{"emulator":{"name":"firestore"},"message":"Apr 01, 2023 8:35:44 PM io.gapi.emulators.netty.HttpVersionRoutingHandler channelRead\nINFO: Detected non-HTTP/2 connection.\n"}}
